0 verbose cli /data/data/com.termux/files/usr/bin/node /data/data/com.termux/files/usr/bin/npm
1 info using npm@9.5.1
2 info using node@v18.16.1
3 timing npm:load:whichnode Completed in 6ms
4 timing config:load:defaults Completed in 13ms
5 timing config:load:file:/data/data/com.termux/files/usr/lib/node_modules/npm/npmrc Completed in 19ms
6 timing config:load:builtin Completed in 20ms
7 timing config:load:cli Completed in 10ms
8 timing config:load:env Completed in 2ms
9 timing config:load:project Completed in 9ms
10 timing config:load:file:/data/data/com.termux/files/home/.npmrc Completed in 9ms
11 timing config:load:user Completed in 11ms
12 timing config:load:file:/data/data/com.termux/files/usr/etc/npmrc Completed in 1ms
13 timing config:load:global Completed in 2ms
14 timing config:load:setEnvs Completed in 5ms
15 timing config:load Completed in 77ms
16 timing npm:load:configload Completed in 78ms
17 timing npm:load:mkdirpcache Completed in 2ms
18 timing npm:load:mkdirplogs Completed in 2ms
19 verbose title npm init vite cool-app
20 verbose argv "init" "vite" "cool-app"
21 timing npm:load:setTitle Completed in 8ms
22 timing config:load:flatten Completed in 17ms
23 timing npm:load:display Completed in 22ms
24 verbose logfile logs-max:10 dir:/data/data/com.termux/files/home/.npm/_logs/2023-11-23T12_03_47_456Z-
25 verbose logfile /data/data/com.termux/files/home/.npm/_logs/2023-11-23T12_03_47_456Z-debug-0.log
26 timing npm:load:logFile Completed in 30ms
27 timing npm:load:timers Completed in 1ms
28 timing npm:load:configScope Completed in 1ms
29 timing npm:load Completed in 152ms
30 silly logfile done cleaning log files
31 timing arborist:ctor Completed in 6ms
