0 verbose cli /data/data/com.termux/files/usr/bin/node /data/data/com.termux/files/usr/lib/node_modules/npm/bin/npm-cli.js
1 info using npm@9.5.1
2 info using node@v18.16.1
3 timing npm:load:whichnode Completed in 7ms
4 timing config:load:defaults Completed in 11ms
5 timing config:load:file:/data/data/com.termux/files/usr/lib/node_modules/npm/npmrc Completed in 3ms
6 timing config:load:builtin Completed in 3ms
7 timing config:load:cli Completed in 9ms
8 timing config:load:env Completed in 2ms
9 timing config:load:project Completed in 10ms
10 timing config:load:file:/data/data/com.termux/files/home/.npmrc Completed in 11ms
11 timing config:load:user Completed in 12ms
12 timing config:load:file:/data/data/com.termux/files/usr/etc/npmrc Completed in 1ms
13 timing config:load:global Completed in 3ms
14 timing config:load:setEnvs Completed in 6ms
15 timing config:load Completed in 62ms
16 timing npm:load:configload Completed in 63ms
17 timing npm:load:mkdirpcache Completed in 3ms
18 timing npm:load:mkdirplogs Completed in 2ms
19 verbose title npm exec create-react-app
20 verbose argv "exec" "--" "create-react-app"
21 timing npm:load:setTitle Completed in 9ms
22 timing config:load:flatten Completed in 20ms
23 timing npm:load:display Completed in 26ms
24 verbose logfile logs-max:10 dir:/data/data/com.termux/files/home/.npm/_logs/2023-11-23T12_19_04_397Z-
25 verbose logfile /data/data/com.termux/files/home/.npm/_logs/2023-11-23T12_19_04_397Z-debug-0.log
26 timing npm:load:logFile Completed in 34ms
27 timing npm:load:timers Completed in 1ms
28 timing npm:load:configScope Completed in 0ms
29 timing npm:load Completed in 148ms
30 silly logfile done cleaning log files
31 timing arborist:ctor Completed in 5ms
32 timing command:exec Completed in 70385ms
33 verbose type system
34 verbose stack FetchError: request to https://registry.npmjs.org/create-react-app failed, reason: getaddrinfo ENOTFOUND registry.npmjs.org
34 verbose stack     at ClientRequest.<anonymous> (/data/data/com.termux/files/usr/lib/node_modules/npm/node_modules/minipass-fetch/lib/index.js:130:14)
34 verbose stack     at ClientRequest.emit (node:events:513:28)
34 verbose stack     at TLSSocket.socketErrorListener (node:_http_client:502:9)
34 verbose stack     at TLSSocket.emit (node:events:525:35)
34 verbose stack     at emitErrorNT (node:internal/streams/destroy:151:8)
34 verbose stack     at emitErrorCloseNT (node:internal/streams/destroy:116:3)
34 verbose stack     at process.processTicksAndRejections (node:internal/process/task_queues:82:21)
35 verbose cwd /data/data/com.termux/files/home
36 verbose Linux 4.9.227-26302074
37 verbose node v18.16.1
38 verbose npm  v9.5.1
39 error code ENOTFOUND
40 error syscall getaddrinfo
41 error errno ENOTFOUND
42 error network request to https://registry.npmjs.org/create-react-app failed, reason: getaddrinfo ENOTFOUND registry.npmjs.org
43 error network This is a problem related to network connectivity.
43 error network In most cases you are behind a proxy or have bad network settings.
43 error network
43 error network If you are behind a proxy, please make sure that the
43 error network 'proxy' config is set properly.  See: 'npm help config'
44 verbose exit 1
45 timing npm Completed in 70702ms
46 verbose code 1
47 error A complete log of this run can be found in:
47 error     /data/data/com.termux/files/home/.npm/_logs/2023-11-23T12_19_04_397Z-debug-0.log
