0 verbose cli /data/data/com.termux/files/usr/bin/node /data/data/com.termux/files/usr/bin/npm
1 info using npm@9.5.1
2 info using node@v18.16.1
3 timing npm:load:whichnode Completed in 26ms
4 timing config:load:defaults Completed in 14ms
5 timing config:load:file:/data/data/com.termux/files/usr/lib/node_modules/npm/npmrc Completed in 2ms
6 timing config:load:builtin Completed in 4ms
7 timing config:load:cli Completed in 10ms
8 timing config:load:env Completed in 1ms
9 timing config:load:project Completed in 15ms
10 timing config:load:file:/data/data/com.termux/files/home/.npmrc Completed in 11ms
11 timing config:load:user Completed in 12ms
12 timing config:load:file:/data/data/com.termux/files/usr/etc/npmrc Completed in 1ms
13 timing config:load:global Completed in 2ms
14 timing config:load:setEnvs Completed in 5ms
15 timing config:load Completed in 68ms
16 timing npm:load:configload Completed in 70ms
17 timing npm:load:mkdirpcache Completed in 2ms
18 timing npm:load:mkdirplogs Completed in 2ms
19 verbose title npm run build
20 verbose argv "run" "build"
21 timing npm:load:setTitle Completed in 8ms
22 timing config:load:flatten Completed in 19ms
23 timing npm:load:display Completed in 26ms
24 verbose logfile logs-max:10 dir:/data/data/com.termux/files/home/.npm/_logs/2023-11-23T12_05_50_222Z-
25 verbose logfile /data/data/com.termux/files/home/.npm/_logs/2023-11-23T12_05_50_222Z-debug-0.log
26 timing npm:load:logFile Completed in 33ms
27 timing npm:load:timers Completed in 0ms
28 timing npm:load:configScope Completed in 0ms
29 timing npm:load Completed in 173ms
30 silly logfile done cleaning log files
31 timing command:run Completed in 70ms
32 verbose stack Error: ENOENT: no such file or directory, open '/data/data/com.termux/files/home/package.json'
33 verbose cwd /data/data/com.termux/files/home
34 verbose Linux 4.9.227-26302074
35 verbose node v18.16.1
36 verbose npm  v9.5.1
37 error code ENOENT
38 error syscall open
39 error path /data/data/com.termux/files/home/package.json
40 error errno -2
41 error enoent ENOENT: no such file or directory, open '/data/data/com.termux/files/home/package.json'
42 error enoent This is related to npm not being able to find a file.
42 error enoent
43 verbose exit -2
44 timing npm Completed in 409ms
45 verbose code -2
46 error A complete log of this run can be found in:
46 error     /data/data/com.termux/files/home/.npm/_logs/2023-11-23T12_05_50_222Z-debug-0.log
