0 verbose cli /data/data/com.termux/files/usr/bin/node /data/data/com.termux/files/usr/bin/npm
1 info using npm@9.5.1
2 info using node@v18.16.1
3 timing npm:load:whichnode Completed in 5ms
4 timing config:load:defaults Completed in 11ms
5 timing config:load:file:/data/data/com.termux/files/usr/lib/node_modules/npm/npmrc Completed in 16ms
6 timing config:load:builtin Completed in 17ms
7 timing config:load:cli Completed in 9ms
8 timing config:load:env Completed in 2ms
9 timing config:load:project Completed in 8ms
10 timing config:load:file:/data/data/com.termux/files/home/.npmrc Completed in 8ms
11 timing config:load:user Completed in 10ms
12 timing config:load:file:/data/data/com.termux/files/usr/etc/npmrc Completed in 1ms
13 timing config:load:global Completed in 3ms
14 timing config:load:setEnvs Completed in 5ms
15 timing config:load Completed in 68ms
16 timing npm:load:configload Completed in 69ms
17 timing npm:load:mkdirpcache Completed in 1ms
18 timing npm:load:mkdirplogs Completed in 1ms
19 verbose title npm access
20 verbose argv "access"
21 timing npm:load:setTitle Completed in 7ms
22 timing config:load:flatten Completed in 16ms
23 timing npm:load:display Completed in 22ms
24 verbose logfile logs-max:10 dir:/data/data/com.termux/files/home/.npm/_logs/2023-11-23T11_45_49_288Z-
25 verbose logfile /data/data/com.termux/files/home/.npm/_logs/2023-11-23T11_45_49_288Z-debug-0.log
26 timing npm:load:logFile Completed in 31ms
27 timing npm:load:timers Completed in 0ms
28 timing npm:load:configScope Completed in 0ms
29 timing npm:load Completed in 139ms
30 timing command:access Completed in 8ms
31 verbose stack Error: 
31 verbose stack Set access level on published packages
31 verbose stack
31 verbose stack Usage:
31 verbose stack npm access list packages [<user>|<scope>|<scope:team> [<package>]
31 verbose stack npm access list collaborators [<package> [<user>]]
31 verbose stack npm access get status [<package>]
31 verbose stack npm access set status=public|private [<package>]
31 verbose stack npm access set mfa=none|publish|automation [<package>]
31 verbose stack npm access grant <read-only|read-write> <scope:team> [<package>]
31 verbose stack npm access revoke <scope:team> [<package>]
31 verbose stack
31 verbose stack Options:
31 verbose stack [--json] [--otp <otp>] [--registry <registry>]
31 verbose stack
31 verbose stack Run "npm help access" for more info
31 verbose stack     at Access.usageError (/data/data/com.termux/files/usr/lib/node_modules/npm/lib/base-command.js:101:26)
31 verbose stack     at Access.exec (/data/data/com.termux/files/usr/lib/node_modules/npm/lib/commands/access.js:75:18)
31 verbose stack     at Access.cmdExec (/data/data/com.termux/files/usr/lib/node_modules/npm/lib/base-command.js:130:17)
31 verbose stack     at Npm.exec (/data/data/com.termux/files/usr/lib/node_modules/npm/lib/npm.js:154:20)
31 verbose stack     at async module.exports (/data/data/com.termux/files/usr/lib/node_modules/npm/lib/cli.js:134:5)
32 verbose cwd /data/data/com.termux/files/home
33 verbose Linux 4.9.227-26302074
34 verbose node v18.16.1
35 verbose npm  v9.5.1
36 error code EUSAGE
37 error
37 error Set access level on published packages
37 error
37 error Usage:
37 error npm access list packages [<user>|<scope>|<scope:team> [<package>]
37 error npm access list collaborators [<package> [<user>]]
37 error npm access get status [<package>]
37 error npm access set status=public|private [<package>]
37 error npm access set mfa=none|publish|automation [<package>]
37 error npm access grant <read-only|read-write> <scope:team> [<package>]
37 error npm access revoke <scope:team> [<package>]
37 error
37 error Options:
37 error [--json] [--otp <otp>] [--registry <registry>]
37 error
37 error Run "npm help access" for more info
38 verbose exit 1
39 timing npm Completed in 294ms
40 verbose code 1
41 error A complete log of this run can be found in:
41 error     /data/data/com.termux/files/home/.npm/_logs/2023-11-23T11_45_49_288Z-debug-0.log
